<?xml version="1.0" encoding="UTF-8"?>
<!-- Generated by org.testng.reporters.JUnitXMLReporter -->
<testsuite ignored="1" hostname="Mac.lan" failures="0" tests="2" name="Test" time="0.149" errors="0" timestamp="2025-03-26T02:18:29 IST">
  <testcase classname="sameerakhtar.TestComponents.BaseTest" name="@BeforeMethod setup" time="0.033">
    <failure type="io.appium.java_client.service.local.InvalidServerInstanceException" message="NodeJS is either not installed or its executable not present in PATH">
      <![CDATA[io.appium.java_client.service.local.InvalidServerInstanceException: NodeJS is either not installed or its executable not present in PATH
at io.appium.java_client.service.local.AppiumServiceBuilder.validatePath(AppiumServiceBuilder.java:127)
at io.appium.java_client.service.local.AppiumServiceBuilder.findBinary(AppiumServiceBuilder.java:137)
at io.appium.java_client.service.local.AppiumServiceBuilder.findDefaultExecutable(AppiumServiceBuilder.java:179)
at io.appium.java_client.service.local.AppiumServiceBuilder.loadSystemProperties(AppiumServiceBuilder.java:407)
at org.openqa.selenium.remote.service.DriverService$Builder.build(DriverService.java:512)
at sameerakhtar.TestComponents.BaseTest.configureAppiumMobile(BaseTest.java:47)
at sameerakhtar.TestComponents.BaseTest.setup(BaseTest.java:90)
at java.base/java.util.ArrayList.forEach(ArrayList.java:1597)
... Removed 29 stack frames]]>
    </failure>
  </testcase> <!-- @BeforeMethod setup -->
  <testcase classname="sameerakhtar.TestComponents.BaseTest" name="@AfterMethod tearDown" time="0.0">
    <skipped/>
  </testcase> <!-- @AfterMethod tearDown -->
  <testcase classname="sameerakhtar.TestComponents.BaseTest" name="@BeforeMethod setup" time="0.001">
    <failure type="io.appium.java_client.service.local.InvalidServerInstanceException" message="NodeJS is either not installed or its executable not present in PATH">
      <![CDATA[io.appium.java_client.service.local.InvalidServerInstanceException: NodeJS is either not installed or its executable not present in PATH
at io.appium.java_client.service.local.AppiumServiceBuilder.validatePath(AppiumServiceBuilder.java:127)
at io.appium.java_client.service.local.AppiumServiceBuilder.findBinary(AppiumServiceBuilder.java:137)
at io.appium.java_client.service.local.AppiumServiceBuilder.findDefaultExecutable(AppiumServiceBuilder.java:179)
at io.appium.java_client.service.local.AppiumServiceBuilder.loadSystemProperties(AppiumServiceBuilder.java:407)
at org.openqa.selenium.remote.service.DriverService$Builder.build(DriverService.java:512)
at sameerakhtar.TestComponents.BaseTest.configureAppiumMobile(BaseTest.java:47)
at sameerakhtar.TestComponents.BaseTest.setup(BaseTest.java:90)
at java.base/java.util.ArrayList.forEach(ArrayList.java:1597)
... Removed 29 stack frames]]>
    </failure>
  </testcase> <!-- @BeforeMethod setup -->
  <testcase classname="sameerakhtar.TestComponents.BaseTest" name="@AfterMethod tearDown" time="0.0">
    <skipped/>
  </testcase> <!-- @AfterMethod tearDown -->
  <testcase classname="sameerakhtar.tests.ClashOfClansTest" name="ClashOfClans_LauchGameplay" time="0.0">
    <skipped/>
  </testcase> <!-- ClashOfClans_LauchGameplay -->
  <testcase classname="sameerakhtar.tests.HillClimbRacingTest" name="HillClimbRacing_LauchGameplay" time="0.001">
    <skipped/>
  </testcase> <!-- HillClimbRacing_LauchGameplay -->
  <testcase classname="sameerakhtar.tests.StandAloneTest" name="appiumTest" time="0.0">
    <ignored/>
  </testcase> <!-- appiumTest -->
</testsuite> <!-- Test -->
